<?xml version="1.0" encoding="UTF-8"?>
<testsuite xmlns:xsi="http://www.w3.org/2001/XMLSchema-instance" xsi:noNamespaceSchemaLocation="https://maven.apache.org/surefire/maven-surefire-plugin/xsd/surefire-test-report-3.0.xsd" version="3.0" name="org.springframework.samples.petclinic.MySqlIntegrationTests" time="45.41" tests="2" errors="0" skipped="0" failures="0">
  <properties>
[...]
</properties>
  <testcase name="testFindAll" classname="org.springframework.samples.petclinic.MySqlIntegrationTests" time="0.767">
    <system-out><![CDATA[12:42:23.164 [main] INFO org.testcontainers.dockerclient.DockerClientProviderStrategy -- Found Docker environment with local Unix socket (unix:///var/run/docker.sock)
12:42:23.181 [main] INFO org.testcontainers.DockerClientFactory -- Docker host IP address is localhost
12:42:23.204 [main] INFO org.testcontainers.DockerClientFactory -- Connected to docker: 
  Server Version: 25.0.3
  API Version: 1.44
  Operating System: Amazon Linux 2023.5.20240701
  Total Memory: 15982 MB
12:42:23.229 [main] INFO org.testcontainers.images.PullPolicy -- Image pull policy will be performed by: DefaultPullPolicy()
12:42:23.234 [main] INFO org.testcontainers.utility.ImageNameSubstitutor -- Image name substitution will be performed by: DefaultImageNameSubstitutor (composite of 'ConfigurationFileImageNameSubstitutor' and 'PrefixingImageNameSubstitutor')
12:42:23.273 [main] INFO tc.testcontainers/ryuk:0.7.0 -- Creating container for image: testcontainers/ryuk:0.7.0
12:42:23.718 [main] INFO tc.testcontainers/ryuk:0.7.0 -- Container testcontainers/ryuk:0.7.0 is starting: ebe3ca3ad79ca7009a94f13ef3b7055592da0481d406e6976833e19baf517a0c
12:42:24.346 [main] INFO tc.testcontainers/ryuk:0.7.0 -- Container testcontainers/ryuk:0.7.0 started in PT1.073037765S
12:42:24.353 [main] INFO org.testcontainers.utility.RyukResourceReaper -- Ryuk started - will monitor and terminate Testcontainers containers on JVM exit
12:42:24.353 [main] INFO org.testcontainers.DockerClientFactory -- Checking the system...
12:42:24.354 [main] INFO org.testcontainers.DockerClientFactory -- ✔︎ Docker server version should be at least 1.6.0
12:42:24.556 [main] INFO org.springframework.test.context.support.AnnotationConfigContextLoaderUtils -- Could not detect default configuration classes for test class [org.springframework.samples.petclinic.MySqlIntegrationTests]: MySqlIntegrationTests does not declare any static, non-private, non-final, nested classes annotated with @Configuration.
12:42:24.808 [main] INFO org.springframework.boot.test.context.SpringBootTestContextBootstrapper -- Found @SpringBootConfiguration org.springframework.samples.petclinic.PetClinicApplication for test class org.springframework.samples.petclinic.MySqlIntegrationTests
12:42:25.011 [main] INFO tc.mysql:8.4 -- Creating container for image: mysql:8.4
12:42:25.092 [main] INFO tc.mysql:8.4 -- Container mysql:8.4 is starting: 3bc0a88b532204795c67abc2b3e609480ad87595bda08d47b50a3e88b3786bbf
12:42:25.487 [main] INFO tc.mysql:8.4 -- Waiting for database connection to become available at jdbc:mysql://localhost:32784/test using query 'SELECT 1'
12:42:41.590 [main] INFO tc.mysql:8.4 -- Container mysql:8.4 started in PT16.578522791S
12:42:41.590 [main] INFO tc.mysql:8.4 -- Container is started (JDBC URL: jdbc:mysql://localhost:32784/test)
12:42:41.691 [main] INFO org.springframework.boot.devtools.restart.RestartApplicationListener -- Restart disabled due to context in which it is running


              |\      _,,,--,,_
             /,`.-'`'   ._  \-;;,_
  _______ __|,4-  ) )_   .;.(__`'-'__     ___ __    _ ___ _______
 |       | '---''(_/._)-'(_\_)   |   |   |   |  |  | |   |       |
 |    _  |    ___|_     _|       |   |   |   |   |_| |   |       | __ _ _
 |   |_| |   |___  |   | |       |   |   |   |       |   |       | \ \ \ \
 |    ___|    ___| |   | |      _|   |___|   |  _    |   |      _|  \ \ \ \
 |   |   |   |___  |   | |     |_|       |   | | |   |   |     |_    ) ) ) )
 |___|   |_______| |___| |_______|_______|___|_|  |__|___|_______|  / / / /
 ==================================================================/_/_/_/

:: Built with Spring Boot :: 3.3.0


2024-07-29T12:42:42.180Z  INFO 86535 --- [           main] o.s.s.petclinic.MySqlIntegrationTests    : Starting MySqlIntegrationTests using Java 17.0.11 with PID 86535 (started by root in /root/spring-petclinic)
2024-07-29T12:42:42.182Z  INFO 86535 --- [           main] o.s.s.petclinic.MySqlIntegrationTests    : The following 1 profile is active: "mysql"
2024-07-29T12:42:43.610Z  INFO 86535 --- [           main] .s.d.r.c.RepositoryConfigurationDelegate : Bootstrapping Spring Data JPA repositories in DEFAULT mode.
2024-07-29T12:42:43.688Z  INFO 86535 --- [           main] .s.d.r.c.RepositoryConfigurationDelegate : Finished Spring Data repository scanning in 65 ms. Found 2 JPA repository interfaces.
2024-07-29T12:42:44.917Z  INFO 86535 --- [           main] o.s.b.w.embedded.tomcat.TomcatWebServer  : Tomcat initialized with port 0 (http)
2024-07-29T12:42:44.937Z  INFO 86535 --- [           main] o.apache.catalina.core.StandardService   : Starting service [Tomcat]
2024-07-29T12:42:44.938Z  INFO 86535 --- [           main] o.apache.catalina.core.StandardEngine    : Starting Servlet engine: [Apache Tomcat/10.1.24]
2024-07-29T12:42:45.014Z  INFO 86535 --- [           main] o.a.c.c.C.[Tomcat].[localhost].[/]       : Initializing Spring embedded WebApplicationContext
2024-07-29T12:42:45.015Z  INFO 86535 --- [           main] w.s.c.ServletWebServerApplicationContext : Root WebApplicationContext: initialization completed in 2763 ms
2024-07-29T12:42:45.373Z  INFO 86535 --- [           main] tc.mysql:8.4                             : Creating container for image: mysql:8.4
2024-07-29T12:42:45.436Z  INFO 86535 --- [           main] tc.mysql:8.4                             : Container mysql:8.4 is starting: 2dfa5f8e53584e9a27d091ced41d19d48b9e5ac0b3d2ac1721c2a5368ced7e18
2024-07-29T12:42:45.852Z  INFO 86535 --- [           main] tc.mysql:8.4                             : Waiting for database connection to become available at jdbc:mysql://localhost:32785/test using query 'SELECT 1'
2024-07-29T12:43:00.741Z  INFO 86535 --- [           main] tc.mysql:8.4                             : Container mysql:8.4 started in PT15.367406559S
2024-07-29T12:43:00.741Z  INFO 86535 --- [           main] tc.mysql:8.4                             : Container is started (JDBC URL: jdbc:mysql://localhost:32785/test)
2024-07-29T12:43:00.835Z  INFO 86535 --- [           main] com.zaxxer.hikari.HikariDataSource       : HikariPool-1 - Starting...
2024-07-29T12:43:01.025Z  INFO 86535 --- [           main] com.zaxxer.hikari.pool.HikariPool        : HikariPool-1 - Added connection com.mysql.cj.jdbc.ConnectionImpl@460e17b8
2024-07-29T12:43:01.027Z  INFO 86535 --- [           main] com.zaxxer.hikari.HikariDataSource       : HikariPool-1 - Start completed.
2024-07-29T12:43:01.739Z  INFO 86535 --- [           main] o.hibernate.jpa.internal.util.LogHelper  : HHH000204: Processing PersistenceUnitInfo [name: default]
2024-07-29T12:43:01.823Z  INFO 86535 --- [           main] org.hibernate.Version                    : HHH000412: Hibernate ORM core version 6.5.2.Final
2024-07-29T12:43:01.874Z  INFO 86535 --- [           main] o.h.c.internal.RegionFactoryInitiator    : HHH000026: Second-level cache disabled
2024-07-29T12:43:02.351Z  INFO 86535 --- [           main] o.s.o.j.p.SpringPersistenceUnitInfo      : No LoadTimeWeaver setup: ignoring JPA class transformer
2024-07-29T12:43:04.256Z  INFO 86535 --- [           main] o.h.e.t.j.p.i.JtaPlatformInitiator       : HHH000489: No JTA platform available (set 'hibernate.transaction.jta.platform' to enable JTA platform integration)
2024-07-29T12:43:04.260Z  INFO 86535 --- [           main] j.LocalContainerEntityManagerFactoryBean : Initialized JPA EntityManagerFactory for persistence unit 'default'
2024-07-29T12:43:04.658Z  INFO 86535 --- [           main] o.s.d.j.r.query.QueryEnhancerFactory     : Hibernate is in classpath; If applicable, HQL parser will be used.
2024-07-29T12:43:06.674Z  INFO 86535 --- [           main] o.s.b.a.e.web.EndpointLinksResolver      : Exposing 14 endpoints beneath base path '/actuator'
2024-07-29T12:43:06.824Z  INFO 86535 --- [           main] o.s.b.w.embedded.tomcat.TomcatWebServer  : Tomcat started on port 40923 (http) with context path '/'
2024-07-29T12:43:06.846Z  INFO 86535 --- [           main] o.s.s.petclinic.MySqlIntegrationTests    : Started MySqlIntegrationTests in 25.177 seconds (process running for 46.273)
]]></system-out>
  </testcase>
  <testcase name="testOwnerDetails" classname="org.springframework.samples.petclinic.MySqlIntegrationTests" time="0.931">
    <system-out><![CDATA[2024-07-29T12:43:07.815Z  INFO 86535 --- [o-auto-1-exec-1] o.a.c.c.C.[Tomcat].[localhost].[/]       : Initializing Spring DispatcherServlet 'dispatcherServlet'
2024-07-29T12:43:07.816Z  INFO 86535 --- [o-auto-1-exec-1] o.s.web.servlet.DispatcherServlet        : Initializing Servlet 'dispatcherServlet'
2024-07-29T12:43:07.818Z  INFO 86535 --- [o-auto-1-exec-1] o.s.web.servlet.DispatcherServlet        : Completed initialization in 2 ms
]]></system-out>
  </testcase>
</testsuite>